2017-11-22 23:04:43 [::1][1][3kdsrpogs93cq4gdfpml8cmi7g][error][yii\base\ErrorException:1] yii\base\ErrorException: Maximum execution time of 30 seconds exceeded in C:\xampp\htdocs\yii_training_advanced\vendor\yiisoft\yii2\web\AssetManager.php:455
Stack trace:
#0 [internal function]: yii\base\ErrorHandler->handleFatalError()
#1 {main}
2017-11-22 23:04:15 [::1][1][3kdsrpogs93cq4gdfpml8cmi7g][info][application] $_COOKIE = [
    '_csrf' => '402868fe2ecc11712a17820a88261ae8a51bd56134b5d8350eaf95a59926cc1ba:2:{i:0;s:5:\"_csrf\";i:1;s:32:\"-Ux1LSRAGOCMIKWPTJPbC5Cf06Qik_pR\";}'
    'PHPSESSID' => '45milstvnad42ur9ql6upfmaiq'
    '_csrf-frontend' => 'f1b03220915b2989f93715494afcecfbb3f2521370f0b16ab564628dbb335744a:2:{i:0;s:14:\"_csrf-frontend\";i:1;s:32:\"4499leX4ThR3kZVjxEKc7D6G92bB6NQD\";}'
    '_csrf-backend' => '6284c78a9741850ff472b0015318a0ed6d9fb56c9b61c03c772454e7f52fe837a:2:{i:0;s:13:\"_csrf-backend\";i:1;s:32:\"olD1TOhTTyCVNy4Pvg9-Vy5Vc4djcy5p\";}'
    'advanced-frontend' => '3kdsrpogs93cq4gdfpml8cmi7g'
    'advanced-backend' => '8bhf9gg4ojl1satih83jblnnin'
    '_identity-backend' => '85fb58f64eda9bdd355fc89b79b2b4117e2de54df9fc1d02ec017023ce70e587a:2:{i:0;s:17:\"_identity-backend\";i:1;s:46:\"[1,\"Yo7xBU-3qWiFC4P3Vt5jUZFmg-o1s3Dm\",2592000]\";}'
]

$_SESSION = [
    '__flash' => []
    '__id' => 1
]

$_SERVER = [
    'MIBDIRS' => 'C:/xampp/php/extras/mibs'
    'MYSQL_HOME' => '\\xampp\\mysql\\bin'
    'OPENSSL_CONF' => 'C:/xampp/apache/bin/openssl.cnf'
    'PHP_PEAR_SYSCONF_DIR' => '\\xampp\\php'
    'PHPRC' => '\\xampp\\php'
    'TMP' => '\\xampp\\tmp'
    'HTTP_HOST' => 'localhost'
    'HTTP_CONNECTION' => 'keep-alive'
    'HTTP_USER_AGENT' => 'Mozilla/5.0 (Windows NT 10.0; Win64; x64) AppleWebKit/537.36 (KHTML, like Gecko) Chrome/62.0.3202.94 Safari/537.36'
    'HTTP_UPGRADE_INSECURE_REQUESTS' => '1'
    'HTTP_ACCEPT' => 'text/html,application/xhtml+xml,application/xml;q=0.9,image/webp,image/apng,*/*;q=0.8'
    'HTTP_REFERER' => 'http://localhost/yii_training_advanced/frontend/web/index.php?r=site%2Fsignup'
    'HTTP_ACCEPT_ENCODING' => 'gzip, deflate, br'
    'HTTP_ACCEPT_LANGUAGE' => 'en-US,en;q=0.9'
    'HTTP_COOKIE' => '_csrf=402868fe2ecc11712a17820a88261ae8a51bd56134b5d8350eaf95a59926cc1ba%3A2%3A%7Bi%3A0%3Bs%3A5%3A%22_csrf%22%3Bi%3A1%3Bs%3A32%3A%22-Ux1LSRAGOCMIKWPTJPbC5Cf06Qik_pR%22%3B%7D; PHPSESSID=45milstvnad42ur9ql6upfmaiq; _csrf-frontend=f1b03220915b2989f93715494afcecfbb3f2521370f0b16ab564628dbb335744a%3A2%3A%7Bi%3A0%3Bs%3A14%3A%22_csrf-frontend%22%3Bi%3A1%3Bs%3A32%3A%224499leX4ThR3kZVjxEKc7D6G92bB6NQD%22%3B%7D; _csrf-backend=6284c78a9741850ff472b0015318a0ed6d9fb56c9b61c03c772454e7f52fe837a%3A2%3A%7Bi%3A0%3Bs%3A13%3A%22_csrf-backend%22%3Bi%3A1%3Bs%3A32%3A%22olD1TOhTTyCVNy4Pvg9-Vy5Vc4djcy5p%22%3B%7D; advanced-frontend=3kdsrpogs93cq4gdfpml8cmi7g; advanced-backend=8bhf9gg4ojl1satih83jblnnin; _identity-backend=85fb58f64eda9bdd355fc89b79b2b4117e2de54df9fc1d02ec017023ce70e587a%3A2%3A%7Bi%3A0%3Bs%3A17%3A%22_identity-backend%22%3Bi%3A1%3Bs%3A46%3A%22%5B1%2C%22Yo7xBU-3qWiFC4P3Vt5jUZFmg-o1s3Dm%22%2C2592000%5D%22%3B%7D'
    'PATH' => 'C:\\WINDOWS\\system32;C:\\WINDOWS;C:\\WINDOWS\\System32\\Wbem;C:\\WINDOWS\\System32\\WindowsPowerShell\\v1.0\\;C:\\Program Files (x86)\\Skype\\Phone\\;C:\\Program Files\\PuTTY\\;C:\\Program Files\\Git\\cmd;C:\\Program Files\\nodejs\\;C:\\Users\\jurikaca\\AppData\\Local\\Microsoft\\WindowsApps;C:\\Users\\jurikaca\\AppData\\Roaming\\npm'
    'SystemRoot' => 'C:\\WINDOWS'
    'COMSPEC' => 'C:\\WINDOWS\\system32\\cmd.exe'
    'PATHEXT' => '.COM;.EXE;.BAT;.CMD;.VBS;.VBE;.JS;.JSE;.WSF;.WSH;.MSC'
    'WINDIR' => 'C:\\WINDOWS'
    'SERVER_SIGNATURE' => '<address>Apache/2.4.27 (Win32) OpenSSL/1.0.2l PHP/7.1.9 Server at localhost Port 80</address>
'
    'SERVER_SOFTWARE' => 'Apache/2.4.27 (Win32) OpenSSL/1.0.2l PHP/7.1.9'
    'SERVER_NAME' => 'localhost'
    'SERVER_ADDR' => '::1'
    'SERVER_PORT' => '80'
    'REMOTE_ADDR' => '::1'
    'DOCUMENT_ROOT' => 'C:/xampp/htdocs'
    'REQUEST_SCHEME' => 'http'
    'CONTEXT_PREFIX' => ''
    'CONTEXT_DOCUMENT_ROOT' => 'C:/xampp/htdocs'
    'SERVER_ADMIN' => 'postmaster@localhost'
    'SCRIPT_FILENAME' => 'C:/xampp/htdocs/yii_training_advanced/frontend/web/index.php'
    'REMOTE_PORT' => '49776'
    'GATEWAY_INTERFACE' => 'CGI/1.1'
    'SERVER_PROTOCOL' => 'HTTP/1.1'
    'REQUEST_METHOD' => 'GET'
    'QUERY_STRING' => ''
    'REQUEST_URI' => '/yii_training_advanced/frontend/web/index.php'
    'SCRIPT_NAME' => '/yii_training_advanced/frontend/web/index.php'
    'PHP_SELF' => '/yii_training_advanced/frontend/web/index.php'
    'REQUEST_TIME_FLOAT' => 1511388250.97
    'REQUEST_TIME' => 1511388250
]
